Change Component Designator: OldDesignator=P? NewDesignator=PWM
Added Component: Designator=*(TRIMPOT)
Added Component: Designator=i2c(HDR1X4)
Added Pin To Net: NetName=VCC Pin=*-1
Added Pin To Net: NetName=GND Pin=i2c-1
Added Pin To Net: NetName=VCC Pin=i2c-2
Added Pin To Net: NetName=Netdigital_1 Pin=T7-8
Added Pin To Net: NetName=NetDIGITAL_3 Pin=T7-9
Added Pin To Net: NetName=NetDIGITAL_5 Pin=T7-10
Added Pin To Net: NetName=NetDIGITAL_7 Pin=T7-11
Added Pin To Net: NetName=NetDIGITAL_9 Pin=T7-12
Added Pin To Net: NetName=Netdigital_2 Pin=T7-13
Added Pin To Net: NetName=NetDIGITAL_4 Pin=T7-14
Added Pin To Net: NetName=NetDIGITAL_6 Pin=T7-15
Added Pin To Net: NetName=NetDIGITAL_8 Pin=T7-16
Added Pin To Net: NetName=NetDIGITAL_10 Pin=T7-17
Change Net Name : Old Net Name=NetP?_1 New Net Name=NetPWM_1
Change Net Name : Old Net Name=NetP?_2 New Net Name=NetPWM_2
Change Net Name : Old Net Name=NetP?_3 New Net Name=NetPWM_3
Change Net Name : Old Net Name=NetP?_4 New Net Name=NetPWM_4
Change Net Name : Old Net Name=NetP?_5 New Net Name=NetPWM_5
Change Net Name : Old Net Name=NetP?_6 New Net Name=NetPWM_6
Change Net Name : Old Net Name=NetP?_7 New Net Name=NetPWM_7
Change Net Name : Old Net Name=NetP?_8 New Net Name=NetPWM_8
Change Net Name : Old Net Name=NetP?_9 New Net Name=NetPWM_9
Change Net Name : Old Net Name=NetP?_10 New Net Name=NetPWM_10
Change Net Name : Old Net Name=NetP?_11 New Net Name=NetPWM_11
Change Net Name : Old Net Name=NetP?_12 New Net Name=NetPWM_12
Added Pin To Net: NetName=Net*_2 Pin=*-2
Added Pin To Net: NetName=Net*_2 Pin=lcd-3
Added Net: Name=Net*_2
Added Pin To Net: NetName=Neti2c_3 Pin=i2c-3
Added Pin To Net: NetName=Neti2c_3 Pin=T1-1
Added Net: Name=Neti2c_3
Added Pin To Net: NetName=Neti2c_4 Pin=i2c-4
Added Pin To Net: NetName=Neti2c_4 Pin=T1-2
Added Net: Name=Neti2c_4
Added Member To Class: ClassName=MEGA2560 Member=Component * TRIMPOT
Added Member To Class: ClassName=MEGA2560 Member=Component i2c Header 4
