Added Member To Class: ClassName=CPM Member=Component 74LS86 SW DIP-7
Added Member To Class: ClassName=CPM Member=Component C1 Cap
Added Member To Class: ClassName=CPM Member=Component D1 Diode 1N4150
Added Member To Class: ClassName=CPM Member=Component D2 Diode 1N4150
Added Member To Class: ClassName=CPM Member=Component D3 Diode 1N4150
Added Member To Class: ClassName=CPM Member=Component D4 Diode 1N4150
Added Member To Class: ClassName=CPM Member=Component LM339 SW DIP-7
Added Member To Class: ClassName=CPM Member=Component OPTO 1 SW DIP-3
Added Member To Class: ClassName=CPM Member=Component OPTO 2 SW DIP-3
Added Member To Class: ClassName=CPM Member=Component P1 Header 4
Added Member To Class: ClassName=CPM Member=Component R1 Res1
Added Member To Class: ClassName=CPM Member=Component R2 Res1
Added Member To Class: ClassName=CPM Member=Component R3 Res1
Added Member To Class: ClassName=CPM Member=Component R4 Res1
Added Member To Class: ClassName=CPM Member=Component R5 Res1
Added Member To Class: ClassName=CPM Member=Component R6 Res1
Added Member To Class: ClassName=CPM Member=Component R7 Res1
Added Member To Class: ClassName=CPM Member=Component R8 Res1
Added Member To Class: ClassName=CPM Member=Component R9 Res1
Added Member To Class: ClassName=CPM Member=Component SENSOR Header 5X2A
