Added Component: Designator=*1(LCD16X2)
Added Component: Designator=LCD(socket dw)
Added Component: Designator=R5(AXIAL-0.3)
Added Pin To Net: NetName=GND Pin=*1-1
Added Pin To Net: NetName=VCC Pin=*1-2
Added Pin To Net: NetName=GND Pin=*1-5
Added Pin To Net: NetName=VCC Pin=*1-15
Added Pin To Net: NetName=GND Pin=*1-16
Added Pin To Net: NetName=GND Pin=LCD-5
Added Pin To Net: NetName=VCC Pin=LCD-6
Added Pin To Net: NetName=GND Pin=R5-1
Added Pin To Net: NetName=Net*1_3 Pin=*1-3
Added Pin To Net: NetName=Net*1_3 Pin=R5-2
Added Net: Name=Net*1_3
Added Pin To Net: NetName=Net*1_4 Pin=*1-4
Added Pin To Net: NetName=Net*1_4 Pin=LCD-8
Added Net: Name=Net*1_4
Added Pin To Net: NetName=Net*1_6 Pin=*1-6
Added Pin To Net: NetName=Net*1_6 Pin=LCD-9
Added Net: Name=Net*1_6
Added Pin To Net: NetName=Net*1_11 Pin=*1-11
Added Pin To Net: NetName=Net*1_11 Pin=LCD-10
Added Net: Name=Net*1_11
Added Pin To Net: NetName=Net*1_12 Pin=*1-12
Added Pin To Net: NetName=Net*1_12 Pin=LCD-4
Added Net: Name=Net*1_12
Added Pin To Net: NetName=Net*1_13 Pin=*1-13
Added Pin To Net: NetName=Net*1_13 Pin=LCD-3
Added Net: Name=Net*1_13
Added Pin To Net: NetName=Net*1_14 Pin=*1-14
Added Pin To Net: NetName=Net*1_14 Pin=LCD-7
Added Net: Name=Net*1_14
Added Member To Class: ClassName=CPM Member=Component *1 LCD16X2
Added Member To Class: ClassName=CPM Member=Component LCD Header 5X2
