Change Component Footprint: Designator=L1TR Old Footprint=dioda zener New Footprint=AXIAL-0.9
Added Component: Designator=R2(AXIAL-0.9)
Added Component: Designator=R5(AXIAL-0.9)
Added Component: Designator=S2(AXIAL-0.9)
Added Component: Designator=S5(AXIAL-0.9)
Added Component: Designator=T2(AXIAL-0.9)
Added Component: Designator=T5(AXIAL-0.9)
Added Pin To Net: NetName=NetD1RS_2 Pin=R2-1
Added Pin To Net: NetName=NetD1R_2 Pin=R5-1
Added Pin To Net: NetName=NetD1RS_2 Pin=R5-2
Added Pin To Net: NetName=NetD1ST_2 Pin=S2-1
Added Pin To Net: NetName=NetD1R_2 Pin=S5-1
Added Pin To Net: NetName=NetD1ST_2 Pin=S5-2
Added Pin To Net: NetName=NetD1TR_2 Pin=T2-1
Added Pin To Net: NetName=NetD1R_2 Pin=T5-1
Added Pin To Net: NetName=NetD1TR_2 Pin=T5-2
Added Pin To Net: NetName=NetR1_2 Pin=R1-2
Added Pin To Net: NetName=NetR1_2 Pin=R2-2
Added Net: Name=NetR1_2
Added Pin To Net: NetName=NetS1_2 Pin=S1-2
Added Pin To Net: NetName=NetS1_2 Pin=S2-2
Added Net: Name=NetS1_2
Added Member To Class: ClassName=teg Member=Component R5 Inductor Iron
Added Member To Class: ClassName=teg Member=Component S5 Inductor Iron
Added Member To Class: ClassName=teg Member=Component T5 Inductor Iron
