Removed Pin From Net: NetName=GND Pin=analog-1
Removed Pin From Net: NetName=Netanalog_2 Pin=analog-2
Removed Pin From Net: NetName=Netanalog_3 Pin=analog-3
Removed Pin From Net: NetName=Netanalog_4 Pin=analog-4
Added Component: Designator=ACS 1(header 3x1)
Added Component: Designator=ACS 2(header 3x1)
Added Component: Designator=ACS 3(header 3x1)
Added Component: Designator=analog 1(HEADER 2X5)
Added Component: Designator=C1(cap 1000uf)
Added Component: Designator=C2(cap 1000uf)
Added Component: Designator=C3(cap 1000uf)
Added Pin To Net: NetName=GND Pin=ACS 1-3
Added Pin To Net: NetName=GND Pin=ACS 2-3
Added Pin To Net: NetName=GND Pin=ACS 3-3
Added Pin To Net: NetName=GND Pin=analog 1-1
Added Pin To Net: NetName=Netanalog_3 Pin=analog 1-7
Added Pin To Net: NetName=Netanalog_2 Pin=analog 1-9
Added Pin To Net: NetName=GND Pin=C1-1
Added Pin To Net: NetName=GND Pin=C2-1
Added Pin To Net: NetName=GND Pin=C3-1
Change Net Name : Old Net Name=Netanalog_2 New Net Name=Netanalog 1_9
Change Net Name : Old Net Name=Netanalog_3 New Net Name=Netanalog 1_7
Change Net Name : Old Net Name=Netanalog_4 New Net Name=NetC1T_2
Added Pin To Net: NetName=NetACS 1_2 Pin=ACS 1-2
Added Pin To Net: NetName=NetACS 1_2 Pin=analog 1-10
Added Pin To Net: NetName=NetACS 1_2 Pin=C1-2
Added Net: Name=NetACS 1_2
Added Pin To Net: NetName=NetACS 2_2 Pin=ACS 2-2
Added Pin To Net: NetName=NetACS 2_2 Pin=analog 1-8
Added Pin To Net: NetName=NetACS 2_2 Pin=C2-2
Added Net: Name=NetACS 2_2
Added Pin To Net: NetName=NetACS 3_2 Pin=ACS 3-2
Added Pin To Net: NetName=NetACS 3_2 Pin=analog 1-6
Added Pin To Net: NetName=NetACS 3_2 Pin=C3-2
Added Net: Name=NetACS 3_2
Added Pin To Net: NetName=Netanalog 1_5 Pin=analog 1-5
Added Net: Name=Netanalog 1_5
Added Pin To Net: NetName=VCC Pin=ACS 1-1
Added Pin To Net: NetName=VCC Pin=ACS 2-1
Added Pin To Net: NetName=VCC Pin=ACS 3-1
Added Pin To Net: NetName=VCC Pin=analog 1-2
Added Net: Name=VCC
Added Member To Class: ClassName=teg Member=Component ACS 1 header 3x1
Added Member To Class: ClassName=teg Member=Component ACS 2 header 3x1
Added Member To Class: ClassName=teg Member=Component ACS 3 header 3x1
Added Member To Class: ClassName=teg Member=Component analog 1 HEADER 2x5
Added Member To Class: ClassName=teg Member=Component C1R Cap
Added Member To Class: ClassName=teg Member=Component C1S Cap
Added Member To Class: ClassName=teg Member=Component C1 cap 1000uf
Added Member To Class: ClassName=teg Member=Component C1T Cap
Added Member To Class: ClassName=teg Member=Component C2 cap 1000uf
Added Member To Class: ClassName=teg Member=Component C3 cap 1000uf
Added Member To Class: ClassName=teg Member=Component D1R Diode 1N4150
Added Member To Class: ClassName=teg Member=Component D1S Diode 1N4150
Added Member To Class: ClassName=teg Member=Component D1T Diode 1N4150
Added Member To Class: ClassName=teg Member=Component D2R Diode 1N4150
Added Member To Class: ClassName=teg Member=Component D2S Diode 1N4150
Added Member To Class: ClassName=teg Member=Component D2T Diode 1N4150
Added Member To Class: ClassName=teg Member=Component D3R Diode 1N4150
Added Member To Class: ClassName=teg Member=Component D3S Diode 1N4150
Added Member To Class: ClassName=teg Member=Component D3T Diode 1N4150
Added Member To Class: ClassName=teg Member=Component D4R Diode 1N4150
Added Member To Class: ClassName=teg Member=Component D4S Diode 1N4150
Added Member To Class: ClassName=teg Member=Component D4T Diode 1N4150
Added Member To Class: ClassName=teg Member=Component R1r RESISTOR
Added Member To Class: ClassName=teg Member=Component r1s RESISTOR
Added Member To Class: ClassName=teg Member=Component R1 Inductor Iron
Added Member To Class: ClassName=teg Member=Component r1t RESISTOR
Added Member To Class: ClassName=teg Member=Component R3 Inductor Iron
Added Member To Class: ClassName=teg Member=Component R4 Inductor Iron
Added Member To Class: ClassName=teg Member=Component S1 Inductor Iron
Added Member To Class: ClassName=teg Member=Component S3 Inductor Iron
Added Member To Class: ClassName=teg Member=Component S4 Inductor Iron
Added Member To Class: ClassName=teg Member=Component T1 Inductor Iron
Added Member To Class: ClassName=teg Member=Component T3 Inductor Iron
Added Member To Class: ClassName=teg Member=Component T4 Inductor Iron
