Removed Pin From Net: NetName=NetC2R_2 Pin=D1R-2
Removed Pin From Net: NetName=NetC2S_2 Pin=D1S-2
Removed Pin From Net: NetName=NetC2T_2 Pin=D1T-2
Removed Pin From Net: NetName=NetC2R_2 Pin=D2R-1
Removed Pin From Net: NetName=NetC2S_2 Pin=D2S-1
Removed Pin From Net: NetName=NetC2T_2 Pin=D2T-1
Removed Pin From Net: NetName=NetD3R_2 Pin=D3R-2
Removed Pin From Net: NetName=NetD3R_2 Pin=D3S-2
Removed Pin From Net: NetName=NetD3R_2 Pin=D3T-2
Removed Pin From Net: NetName=NetD3R_2 Pin=D4R-1
Removed Pin From Net: NetName=NetD3R_2 Pin=D4S-1
Removed Pin From Net: NetName=NetD3R_2 Pin=D4T-1
Added Pin To Net: NetName=NetD3R_2 Pin=D1R-2
Added Pin To Net: NetName=NetD3R_2 Pin=D1S-2
Added Pin To Net: NetName=NetD3R_2 Pin=D1T-2
Added Pin To Net: NetName=NetD3R_2 Pin=D2R-1
Added Pin To Net: NetName=NetD3R_2 Pin=D2S-1
Added Pin To Net: NetName=NetD3R_2 Pin=D2T-1
Added Pin To Net: NetName=NetC2R_2 Pin=D3R-2
Added Pin To Net: NetName=NetC2S_2 Pin=D3S-2
Added Pin To Net: NetName=NetC2T_2 Pin=D3T-2
Added Pin To Net: NetName=NetC2R_2 Pin=D4R-1
Added Pin To Net: NetName=NetC2S_2 Pin=D4S-1
Added Pin To Net: NetName=NetC2T_2 Pin=D4T-1
Change Net Name : Old Net Name=NetD3R_2 New Net Name=NetD1R_2
