Removed Pin From Net: NetName=AD8 Pin=AD_H-1
Removed Pin From Net: NetName=AD9 Pin=AD_H-2
Removed Pin From Net: NetName=AD10 Pin=AD_H-3
Removed Pin From Net: NetName=AD11 Pin=AD_H-4
Removed Pin From Net: NetName=AD12 Pin=AD_H-5
Removed Pin From Net: NetName=AD13 Pin=AD_H-6
Removed Pin From Net: NetName=AD14 Pin=AD_H-7
Removed Pin From Net: NetName=AD15 Pin=AD_H-8
Removed Pin From Net: NetName=GND Pin=analog 2-1
Removed Pin From Net: NetName=VCC Pin=analog 2-2
Removed Pin From Net: NetName=AD8 Pin=analog 2-3
Removed Pin From Net: NetName=AD12 Pin=analog 2-4
Removed Pin From Net: NetName=AD9 Pin=analog 2-5
Removed Pin From Net: NetName=AD10 Pin=analog 2-7
Removed Pin From Net: NetName=AD14 Pin=analog 2-8
Removed Pin From Net: NetName=AD11 Pin=analog 2-9
Removed Pin From Net: NetName=AD15 Pin=analog 2-10
Removed Member From Class: ClassName=mega module Member=AD_H
Change Component DesignItemId : Designator=analog 2 Old DesignItemId=HEADER 2x5 New DesignItemId=AD_H
Change Component Comment : Designator=analog 2 Old Comment=HEADER 2x5 New Comment=AD_H
Change Component Library : Designator=analog 2 Old Library=ALL_COMPONENT.IntLib New Library=Header.SchLib
Added Component: Designator=ANALOG 1(HDR1X8)
Added Component: Designator=analog 2(HEADER 2X5)
Added Pin To Net: NetName=AD8 Pin=analog 2-1
Added Pin To Net: NetName=GND Pin=analog 2-1
Added Pin To Net: NetName=AD9 Pin=analog 2-2
Added Pin To Net: NetName=VCC Pin=analog 2-2
Added Pin To Net: NetName=AD8 Pin=analog 2-3
Added Pin To Net: NetName=AD10 Pin=analog 2-3
Added Pin To Net: NetName=AD11 Pin=analog 2-4
Added Pin To Net: NetName=AD12 Pin=analog 2-4
Added Pin To Net: NetName=AD9 Pin=analog 2-5
Added Pin To Net: NetName=AD12 Pin=analog 2-5
Added Pin To Net: NetName=AD13 Pin=analog 2-6
Added Pin To Net: NetName=AD10 Pin=analog 2-7
Added Pin To Net: NetName=AD14 Pin=analog 2-7
Added Pin To Net: NetName=AD14 Pin=analog 2-8
Added Pin To Net: NetName=AD15 Pin=analog 2-8
Added Pin To Net: NetName=AD11 Pin=analog 2-9
Added Pin To Net: NetName=AD15 Pin=analog 2-10
Added Pin To Net: NetName=NetANALOG 1_1 Pin=ANALOG 1-1
Added Pin To Net: NetName=NetANALOG 1_1 Pin=ANALOG 1-3
Added Net: Name=NetANALOG 1_1
Added Pin To Net: NetName=NetANALOG 1_2 Pin=ANALOG 1-2
Added Pin To Net: NetName=NetANALOG 1_2 Pin=ANALOG 1-5
Added Net: Name=NetANALOG 1_2
Added Pin To Net: NetName=NetANALOG 1_3 Pin=ANALOG 1-3
Added Pin To Net: NetName=NetANALOG 1_3 Pin=ANALOG 1-7
Added Net: Name=NetANALOG 1_3
Added Pin To Net: NetName=NetANALOG 1_4 Pin=ANALOG 1-4
Added Net: Name=NetANALOG 1_4
