Change Component Footprint: Designator=analog 1 Old Footprint=HEADER 2X5L New Footprint=HEADER 2X5
Change Component Footprint: Designator=analog 2 Old Footprint=HEADER 2X5L New Footprint=HEADER 2X5
Change Component Designator: OldDesignator=* NewDesignator=rxtx0
Change Component Designator: OldDesignator=P? NewDesignator=pwm1
Added Component: Designator=pwm2(HDR1X8)
Change Net Name : Old Net Name=Net*_1 New Net Name=Netpwm1_2
Change Net Name : Old Net Name=Net*_2 New Net Name=Netpwm1_1
Change Net Name : Old Net Name=NetP?_3 New Net Name=Netpwm1_3
Change Net Name : Old Net Name=NetP?_4 New Net Name=Netpwm1_4
Change Net Name : Old Net Name=NetP?_5 New Net Name=Netpwm1_5
Change Net Name : Old Net Name=NetP?_6 New Net Name=Netpwm1_6
Change Net Name : Old Net Name=NetP?_7 New Net Name=Netpwm1_7
Change Net Name : Old Net Name=NetP?_8 New Net Name=Netpwm1_8
Added Pin To Net: NetName=Net*_4 Pin=*-4
Added Pin To Net: NetName=Net*_4 Pin=pwm2-6
Added Net: Name=Net*_4
Added Pin To Net: NetName=Net*_6 Pin=*-6
Added Pin To Net: NetName=Net*_6 Pin=pwm2-5
Added Net: Name=Net*_6
Added Pin To Net: NetName=Net*_11 Pin=*-11
Added Pin To Net: NetName=Net*_11 Pin=pwm2-4
Added Net: Name=Net*_11
Added Pin To Net: NetName=Net*_12 Pin=*-12
Added Pin To Net: NetName=Net*_12 Pin=pwm2-3
Added Net: Name=Net*_12
Added Pin To Net: NetName=Net*_13 Pin=*-13
Added Pin To Net: NetName=Net*_13 Pin=pwm2-2
Added Net: Name=Net*_13
Added Pin To Net: NetName=Net*_14 Pin=*-14
Added Pin To Net: NetName=Net*_14 Pin=pwm2-1
Added Net: Name=Net*_14
Added Member To Class: ClassName=mega module Member=Component pwm2 Header 8
Added Member To Class: ClassName=mega module Member=Component rxtx0 HEADER 1X4L
