Removed Pin From Net: NetName=GND Pin=analog 1-9
Removed Pin From Net: NetName=VCC Pin=analog 1-10
Removed Pin From Net: NetName=Netanalog 1_3 Pin=Analog t 1-2
Removed Pin From Net: NetName=Netanalog 1_5 Pin=Analog t 1-3
Removed Pin From Net: NetName=Netanalog 1_7 Pin=Analog t 1-4
Removed Pin From Net: NetName=Netanalog 1_4 Pin=Analog t 1-6
Removed Pin From Net: NetName=Netanalog 1_6 Pin=Analog t 1-7
Removed Pin From Net: NetName=Netanalog 1_8 Pin=Analog t 1-8
Added Pin To Net: NetName=GND Pin=analog 1-1
Added Pin To Net: NetName=VCC Pin=analog 1-2
Added Pin To Net: NetName=Netanalog 1_8 Pin=Analog t 1-2
Added Pin To Net: NetName=Netanalog 1_6 Pin=Analog t 1-3
Added Pin To Net: NetName=Netanalog 1_4 Pin=Analog t 1-4
Added Pin To Net: NetName=Netanalog 1_7 Pin=Analog t 1-6
Added Pin To Net: NetName=Netanalog 1_5 Pin=Analog t 1-7
Added Pin To Net: NetName=Netanalog 1_3 Pin=Analog t 1-8
Added Pin To Net: NetName=Netanalog 1_9 Pin=analog 1-9
Added Pin To Net: NetName=Netanalog 1_9 Pin=Analog t 1-5
Added Net: Name=Netanalog 1_9
Added Pin To Net: NetName=Netanalog 1_10 Pin=analog 1-10
Added Pin To Net: NetName=Netanalog 1_10 Pin=Analog t 1-1
Added Net: Name=Netanalog 1_10
