Removed Pin From Net: NetName=GND Pin=rx tx 0-1
Removed Pin From Net: NetName=VCC Pin=rx tx 0-2
Removed Pin From Net: NetName=RX0 Pin=rx tx 0-3
Removed Pin From Net: NetName=TX0 Pin=rx tx 0-4
Removed Pin From Net: NetName=GND Pin=rx tx 1-1
Removed Pin From Net: NetName=VCC Pin=rx tx 1-2
Removed Pin From Net: NetName=RX1 Pin=rx tx 1-3
Removed Pin From Net: NetName=TX1 Pin=rx tx 1-4
Removed Pin From Net: NetName=GND Pin=rx tx 2-1
Removed Pin From Net: NetName=VCC Pin=rx tx 2-2
Removed Pin From Net: NetName=RX2 Pin=rx tx 2-3
Removed Pin From Net: NetName=TX2 Pin=rx tx 2-4
Removed Pin From Net: NetName=GND Pin=rx tx 3-1
Removed Pin From Net: NetName=VCC Pin=rx tx 3-2
Removed Pin From Net: NetName=RX3 Pin=rx tx 3-3
Removed Pin From Net: NetName=TX3 Pin=rx tx 3-4
Added Pin To Net: NetName=TX0 Pin=rx tx 0-1
Added Pin To Net: NetName=RX0 Pin=rx tx 0-2
Added Pin To Net: NetName=VCC Pin=rx tx 0-3
Added Pin To Net: NetName=GND Pin=rx tx 0-4
Added Pin To Net: NetName=TX1 Pin=rx tx 1-1
Added Pin To Net: NetName=RX1 Pin=rx tx 1-2
Added Pin To Net: NetName=VCC Pin=rx tx 1-3
Added Pin To Net: NetName=GND Pin=rx tx 1-4
Added Pin To Net: NetName=TX2 Pin=rx tx 2-1
Added Pin To Net: NetName=RX2 Pin=rx tx 2-2
Added Pin To Net: NetName=VCC Pin=rx tx 2-3
Added Pin To Net: NetName=GND Pin=rx tx 2-4
Added Pin To Net: NetName=TX3 Pin=rx tx 3-1
Added Pin To Net: NetName=RX3 Pin=rx tx 3-2
Added Pin To Net: NetName=VCC Pin=rx tx 3-3
Added Pin To Net: NetName=GND Pin=rx tx 3-4
