Removed Pin From Net: NetName=Netanalog 1_3 Pin=analog 1-3
Removed Pin From Net: NetName=Netanalog 1_5 Pin=analog 1-5
Removed Pin From Net: NetName=Netanalog 1_7 Pin=analog 1-7
Removed Pin From Net: NetName=Netanalog 1_9 Pin=analog 1-9
Removed Pin From Net: NetName=AD12 Pin=analog 2-3
Removed Pin From Net: NetName=AD11 Pin=analog 2-4
Removed Pin From Net: NetName=AD13 Pin=analog 2-5
Removed Pin From Net: NetName=AD10 Pin=analog 2-6
Removed Pin From Net: NetName=AD14 Pin=analog 2-7
Removed Pin From Net: NetName=AD9 Pin=analog 2-8
Removed Pin From Net: NetName=AD15 Pin=analog 2-9
Removed Pin From Net: NetName=AD8 Pin=analog 2-10
Removed Pin From Net: NetName=Netanalog 1_3 Pin=Analog t 1-5
Removed Pin From Net: NetName=Netanalog 1_5 Pin=Analog t 1-6
Removed Pin From Net: NetName=Netanalog 1_7 Pin=Analog t 1-7
Removed Pin From Net: NetName=Netanalog 1_9 Pin=Analog t 1-8
Change Component Designator: OldDesignator=analog 1 NewDesignator=analog 2
Change Component Designator: OldDesignator=analog 2 NewDesignator=analog 1
Added Pin To Net: NetName=Netanalog 1_3 Pin=analog 1-3
Added Pin To Net: NetName=AD12 Pin=analog 1-4
Added Pin To Net: NetName=Netanalog 1_5 Pin=analog 1-5
Added Pin To Net: NetName=AD13 Pin=analog 1-6
Added Pin To Net: NetName=Netanalog 1_7 Pin=analog 1-7
Added Pin To Net: NetName=AD14 Pin=analog 1-8
Added Pin To Net: NetName=Netanalog 1_9 Pin=analog 1-9
Added Pin To Net: NetName=AD15 Pin=analog 1-10
Added Pin To Net: NetName=AD8 Pin=analog 2-4
Added Pin To Net: NetName=AD9 Pin=analog 2-6
Added Pin To Net: NetName=AD10 Pin=analog 2-8
Added Pin To Net: NetName=AD11 Pin=analog 2-10
Added Pin To Net: NetName=Netanalog 1_9 Pin=Analog t 1-1
Added Pin To Net: NetName=Netanalog 1_7 Pin=Analog t 1-2
Added Pin To Net: NetName=Netanalog 1_5 Pin=Analog t 1-3
Added Pin To Net: NetName=Netanalog 1_3 Pin=Analog t 1-4
Added Pin To Net: NetName=Netanalog 2_3 Pin=analog 2-3
Added Pin To Net: NetName=Netanalog 2_3 Pin=Analog t 1-8
Added Net: Name=Netanalog 2_3
Added Pin To Net: NetName=Netanalog 2_5 Pin=analog 2-5
Added Pin To Net: NetName=Netanalog 2_5 Pin=Analog t 1-7
Added Net: Name=Netanalog 2_5
Added Pin To Net: NetName=Netanalog 2_7 Pin=analog 2-7
Added Pin To Net: NetName=Netanalog 2_7 Pin=Analog t 1-6
Added Net: Name=Netanalog 2_7
Added Pin To Net: NetName=Netanalog 2_9 Pin=analog 2-9
Added Pin To Net: NetName=Netanalog 2_9 Pin=Analog t 1-5
Added Net: Name=Netanalog 2_9
