Added Component: Designator=*(header 3x1)
Added Pin To Net: NetName=3V3 Pin=POWER-5
Added Net: Name=3V3
Added Pin To Net: NetName=5V Pin=DIGITAL-1
Added Pin To Net: NetName=5V Pin=DIGITAL-2
Added Pin To Net: NetName=5V Pin=ICSP-2
Added Pin To Net: NetName=5V Pin=POWER-4
Added Net: Name=5V
Added Net: Name=AD0
Added Net: Name=AD1
Added Net: Name=AD2
Added Net: Name=AD3
Added Net: Name=AD4
Added Net: Name=AD5
Added Net: Name=AD6
Added Net: Name=AD7
Added Pin To Net: NetName=AD8 Pin=AD_H-1
Added Net: Name=AD8
Added Pin To Net: NetName=AD9 Pin=AD_H-2
Added Net: Name=AD9
Added Pin To Net: NetName=AD10 Pin=AD_H-3
Added Net: Name=AD10
Added Pin To Net: NetName=AD11 Pin=AD_H-4
Added Net: Name=AD11
Added Pin To Net: NetName=AD12 Pin=AD_H-5
Added Net: Name=AD12
Added Pin To Net: NetName=AD13 Pin=AD_H-6
Added Net: Name=AD13
Added Pin To Net: NetName=AD14 Pin=AD_H-7
Added Net: Name=AD14
Added Pin To Net: NetName=AD15 Pin=AD_H-8
Added Net: Name=AD15
Added Pin To Net: NetName=AREF Pin=PWM_H-8
Added Net: Name=AREF
Added Pin To Net: NetName=GND Pin=DIGITAL-35
Added Pin To Net: NetName=GND Pin=DIGITAL-36
Added Pin To Net: NetName=GND Pin=ICSP-6
Added Pin To Net: NetName=GND Pin=POWER-2
Added Pin To Net: NetName=GND Pin=POWER-3
Added Pin To Net: NetName=GND Pin=PWM_H-7
Added Net: Name=GND
Added Pin To Net: NetName=IO22 Pin=DIGITAL-3
Added Net: Name=IO22
Added Pin To Net: NetName=IO23 Pin=DIGITAL-4
Added Net: Name=IO23
Added Pin To Net: NetName=IO24 Pin=DIGITAL-5
Added Net: Name=IO24
Added Pin To Net: NetName=IO25 Pin=DIGITAL-6
Added Net: Name=IO25
Added Pin To Net: NetName=IO26 Pin=DIGITAL-7
Added Net: Name=IO26
Added Pin To Net: NetName=IO27 Pin=DIGITAL-8
Added Net: Name=IO27
Added Pin To Net: NetName=IO28 Pin=DIGITAL-9
Added Net: Name=IO28
Added Pin To Net: NetName=IO29 Pin=DIGITAL-10
Added Net: Name=IO29
Added Pin To Net: NetName=IO30 Pin=DIGITAL-11
Added Net: Name=IO30
Added Pin To Net: NetName=IO31 Pin=DIGITAL-12
Added Net: Name=IO31
Added Pin To Net: NetName=IO32 Pin=DIGITAL-13
Added Net: Name=IO32
Added Pin To Net: NetName=IO33 Pin=DIGITAL-14
Added Net: Name=IO33
Added Pin To Net: NetName=IO34 Pin=DIGITAL-15
Added Net: Name=IO34
Added Pin To Net: NetName=IO35 Pin=DIGITAL-16
Added Net: Name=IO35
Added Pin To Net: NetName=IO36 Pin=DIGITAL-17
Added Net: Name=IO36
Added Pin To Net: NetName=IO37 Pin=DIGITAL-18
Added Net: Name=IO37
Added Pin To Net: NetName=IO38 Pin=DIGITAL-19
Added Net: Name=IO38
Added Pin To Net: NetName=IO39 Pin=DIGITAL-20
Added Net: Name=IO39
Added Pin To Net: NetName=IO40 Pin=DIGITAL-21
Added Net: Name=IO40
Added Pin To Net: NetName=IO41 Pin=DIGITAL-22
Added Net: Name=IO41
Added Pin To Net: NetName=IO42 Pin=DIGITAL-23
Added Net: Name=IO42
Added Pin To Net: NetName=IO43 Pin=DIGITAL-24
Added Net: Name=IO43
Added Pin To Net: NetName=IO44 Pin=DIGITAL-25
Added Net: Name=IO44
Added Pin To Net: NetName=IO45 Pin=DIGITAL-26
Added Net: Name=IO45
Added Pin To Net: NetName=IO46 Pin=DIGITAL-27
Added Net: Name=IO46
Added Pin To Net: NetName=IO47 Pin=DIGITAL-28
Added Net: Name=IO47
Added Pin To Net: NetName=IO48 Pin=DIGITAL-29
Added Net: Name=IO48
Added Pin To Net: NetName=IO49 Pin=DIGITAL-30
Added Net: Name=IO49
Added Pin To Net: NetName=IO50 Pin=DIGITAL-31
Added Net: Name=IO50
Added Pin To Net: NetName=IO51 Pin=DIGITAL-32
Added Net: Name=IO51
Added Pin To Net: NetName=IO52 Pin=DIGITAL-33
Added Net: Name=IO52
Added Pin To Net: NetName=IO53 Pin=DIGITAL-34
Added Net: Name=IO53
Added Pin To Net: NetName=MISO Pin=ICSP-1
Added Net: Name=MISO
Added Pin To Net: NetName=MOSI Pin=ICSP-4
Added Net: Name=MOSI
Added Net: Name=PWM2
Added Net: Name=PWM3
Added Net: Name=PWM4
Added Net: Name=PWM5
Added Net: Name=PWM6
Added Net: Name=PWM7
Added Pin To Net: NetName=PWM8 Pin=PWM_H-1
Added Net: Name=PWM8
Added Pin To Net: NetName=PWM9 Pin=PWM_H-2
Added Net: Name=PWM9
Added Pin To Net: NetName=PWM10 Pin=PWM_H-3
Added Net: Name=PWM10
Added Pin To Net: NetName=PWM11 Pin=PWM_H-4
Added Net: Name=PWM11
Added Pin To Net: NetName=PWM12 Pin=PWM_H-5
Added Net: Name=PWM12
Added Pin To Net: NetName=PWM13 Pin=PWM_H-6
Added Net: Name=PWM13
Added Pin To Net: NetName=RESET Pin=ICSP-5
Added Pin To Net: NetName=RESET Pin=POWER-6
Added Net: Name=RESET
Added Net: Name=RX0
Added Pin To Net: NetName=RX1 Pin=COMMS-3
Added Net: Name=RX1
Added Pin To Net: NetName=RX2 Pin=COMMS-5
Added Net: Name=RX2
Added Pin To Net: NetName=RX3 Pin=COMMS-7
Added Net: Name=RX3
Added Pin To Net: NetName=SCK Pin=ICSP-3
Added Net: Name=SCK
Added Pin To Net: NetName=SCL Pin=COMMS-1
Added Net: Name=SCL
Added Pin To Net: NetName=SDA Pin=COMMS-2
Added Net: Name=SDA
Added Net: Name=TX0
Added Pin To Net: NetName=TX1 Pin=COMMS-4
Added Net: Name=TX1
Added Pin To Net: NetName=TX2 Pin=COMMS-6
Added Net: Name=TX2
Added Pin To Net: NetName=TX3 Pin=COMMS-8
Added Net: Name=TX3
Added Pin To Net: NetName=VIN Pin=POWER-1
Added Net: Name=VIN
Added Class: Name=mega module
Change Room Name: Old Name=AdruinoMegaSheild New Name=mega module
Change Room Scope: Old Scope=InComponentClass('AdruinoMegaSheild') New Scope=InComponentClass('mega module')
