Added Component: Designator=1(terminal block 3 pin)
Added Component: Designator=2(terminal block 3 pin)
Added Component: Designator=3(terminal block 3 pin)
Added Component: Designator=ac(terminal block)
Added Component: Designator=com R(HDR1X4)
Added Component: Designator=com S(HDR1X4)
Added Component: Designator=com(HDR1X4)
Added Component: Designator=com T(HDR1X4)
Added Component: Designator=fuse R(AXIAL-0.9)
Added Component: Designator=fuse S(AXIAL-0.9)
Added Component: Designator=fuse(AXIAL-0.9)
Added Component: Designator=fuse T(AXIAL-0.9)
Added Component: Designator=plc.1(terminal block)
Added Component: Designator=plc.2(header 7)
Added Component: Designator=plc R(terminal block)
Added Component: Designator=plc S(terminal block)
Added Component: Designator=plc ter R(header 7)
Added Component: Designator=plc ter S(header 7)
Added Component: Designator=plc ter T(header 7)
Added Component: Designator=plc T(terminal block)
Added Component: Designator=vin9(HDR1X2)
Added Pin To Net: NetName=GND Pin=2-3
Added Pin To Net: NetName=GND Pin=com-1
Added Pin To Net: NetName=GND Pin=com R-1
Added Pin To Net: NetName=GND Pin=com S-1
Added Pin To Net: NetName=GND Pin=com T-1
Added Pin To Net: NetName=GND Pin=plc.2-6
Added Pin To Net: NetName=GND Pin=plc ter R-6
Added Pin To Net: NetName=GND Pin=plc ter S-6
Added Pin To Net: NetName=GND Pin=plc ter T-6
Added Pin To Net: NetName=GND Pin=vin9-1
Added Net: Name=GND
Added Pin To Net: NetName=Net1_1 Pin=1-1
Added Pin To Net: NetName=Net1_1 Pin=fuse R-2
Added Net: Name=Net1_1
Added Pin To Net: NetName=Net1_2 Pin=1-2
Added Pin To Net: NetName=Net1_2 Pin=fuse S-2
Added Net: Name=Net1_2
Added Pin To Net: NetName=Net1_3 Pin=1-3
Added Pin To Net: NetName=Net1_3 Pin=fuse T-2
Added Net: Name=Net1_3
Added Pin To Net: NetName=Net2_1 Pin=2-1
Added Pin To Net: NetName=Net2_1 Pin=ac-1
Added Pin To Net: NetName=Net2_1 Pin=plc.1-1
Added Pin To Net: NetName=Net2_1 Pin=plc R-1
Added Pin To Net: NetName=Net2_1 Pin=plc S-1
Added Pin To Net: NetName=Net2_1 Pin=plc T-1
Added Net: Name=Net2_1
Added Pin To Net: NetName=Net2_2 Pin=2-2
Added Pin To Net: NetName=Net2_2 Pin=plc.2-7
Added Pin To Net: NetName=Net2_2 Pin=plc ter R-7
Added Pin To Net: NetName=Net2_2 Pin=plc ter S-7
Added Pin To Net: NetName=Net2_2 Pin=plc ter T-7
Added Pin To Net: NetName=Net2_2 Pin=vin9-2
Added Net: Name=Net2_2
Added Pin To Net: NetName=Netac_2 Pin=ac-2
Added Pin To Net: NetName=Netac_2 Pin=fuse-2
Added Net: Name=Netac_2
Added Pin To Net: NetName=Netcom_3 Pin=com-3
Added Pin To Net: NetName=Netcom_3 Pin=plc.2-4
Added Net: Name=Netcom_3
Added Pin To Net: NetName=Netcom_4 Pin=com-4
Added Pin To Net: NetName=Netcom_4 Pin=plc.2-3
Added Net: Name=Netcom_4
Added Pin To Net: NetName=Netcom R_3 Pin=com R-3
Added Pin To Net: NetName=Netcom R_3 Pin=plc ter R-4
Added Net: Name=Netcom R_3
Added Pin To Net: NetName=Netcom R_4 Pin=com R-4
Added Pin To Net: NetName=Netcom R_4 Pin=plc ter R-3
Added Net: Name=Netcom R_4
Added Pin To Net: NetName=Netcom S_3 Pin=com S-3
Added Pin To Net: NetName=Netcom S_3 Pin=plc ter S-4
Added Net: Name=Netcom S_3
Added Pin To Net: NetName=Netcom S_4 Pin=com S-4
Added Pin To Net: NetName=Netcom S_4 Pin=plc ter S-3
Added Net: Name=Netcom S_4
Added Pin To Net: NetName=Netcom T_3 Pin=com T-3
Added Pin To Net: NetName=Netcom T_3 Pin=plc ter T-4
Added Net: Name=Netcom T_3
Added Pin To Net: NetName=Netcom T_4 Pin=com T-4
Added Pin To Net: NetName=Netcom T_4 Pin=plc ter T-3
Added Net: Name=Netcom T_4
Added Pin To Net: NetName=Netfuse_1 Pin=fuse-1
Added Pin To Net: NetName=Netfuse_1 Pin=plc.1-2
Added Net: Name=Netfuse_1
Added Pin To Net: NetName=Netfuse R_1 Pin=fuse R-1
Added Pin To Net: NetName=Netfuse R_1 Pin=plc R-2
Added Net: Name=Netfuse R_1
Added Pin To Net: NetName=Netfuse S_1 Pin=fuse S-1
Added Pin To Net: NetName=Netfuse S_1 Pin=plc S-2
Added Net: Name=Netfuse S_1
Added Pin To Net: NetName=Netfuse T_1 Pin=fuse T-1
Added Pin To Net: NetName=Netfuse T_1 Pin=plc T-2
Added Net: Name=Netfuse T_1
Added Pin To Net: NetName=Netplc.2_1 Pin=plc.2-1
Added Net: Name=Netplc.2_1
Added Pin To Net: NetName=Netplc.2_2 Pin=plc.2-2
Added Net: Name=Netplc.2_2
Added Pin To Net: NetName=Netplc ter R_1 Pin=plc ter R-1
Added Net: Name=Netplc ter R_1
Added Pin To Net: NetName=Netplc ter R_2 Pin=plc ter R-2
Added Net: Name=Netplc ter R_2
Added Pin To Net: NetName=Netplc ter S_1 Pin=plc ter S-1
Added Net: Name=Netplc ter S_1
Added Pin To Net: NetName=Netplc ter S_2 Pin=plc ter S-2
Added Net: Name=Netplc ter S_2
Added Pin To Net: NetName=Netplc ter T_1 Pin=plc ter T-1
Added Net: Name=Netplc ter T_1
Added Pin To Net: NetName=Netplc ter T_2 Pin=plc ter T-2
Added Net: Name=Netplc ter T_2
Added Pin To Net: NetName=VCC Pin=com-2
Added Pin To Net: NetName=VCC Pin=com R-2
Added Pin To Net: NetName=VCC Pin=com S-2
Added Pin To Net: NetName=VCC Pin=com T-2
Added Pin To Net: NetName=VCC Pin=plc.2-5
Added Pin To Net: NetName=VCC Pin=plc ter R-5
Added Pin To Net: NetName=VCC Pin=plc ter S-5
Added Pin To Net: NetName=VCC Pin=plc ter T-5
Added Net: Name=VCC
Added Class: Name=plc2
Added Class: Name=plc
Added Room: Name=plc2
Added Room: Name=plc
