Added Member To Class: ClassName=Unitsensor Member=Component 74LS86 SW DIP-7
Added Member To Class: ClassName=Unitsensor Member=Component C1 Cap
Added Member To Class: ClassName=Unitsensor Member=Component D1 Diode 1N4150
Added Member To Class: ClassName=Unitsensor Member=Component D2 Diode 1N4150
Added Member To Class: ClassName=Unitsensor Member=Component D3 Diode 1N4150
Added Member To Class: ClassName=Unitsensor Member=Component D4 Diode 1N4150
Added Member To Class: ClassName=Unitsensor Member=Component d5 Diode 1N4002
Added Member To Class: ClassName=Unitsensor Member=Component d6 Diode 1N4002
Added Member To Class: ClassName=Unitsensor Member=Component LM339 SW DIP-7
Added Member To Class: ClassName=Unitsensor Member=Component OPTO 1 SW DIP-3
Added Member To Class: ClassName=Unitsensor Member=Component OPTO 2 SW DIP-3
Added Member To Class: ClassName=Unitsensor Member=Component r1 Res1
Added Member To Class: ClassName=Unitsensor Member=Component r2 Res1
Added Member To Class: ClassName=Unitsensor Member=Component r3 Res1
Added Member To Class: ClassName=Unitsensor Member=Component r4 Res1
Added Member To Class: ClassName=Unitsensor Member=Component r5 Res1
Added Member To Class: ClassName=Unitsensor Member=Component r6 Res1
Added Member To Class: ClassName=Unitsensor Member=Component r7 Res1
Added Member To Class: ClassName=Unitsensor Member=Component r8 Res1
Added Member To Class: ClassName=Unitsensor Member=Component R9 Res1
