Added Component: Designator=7805 3(7805)
Added Component: Designator=7805 4(7805)
Added Component: Designator=7809 1(7805)
Added Component: Designator=7809 2(7805)
Added Component: Designator=C1(cap 1000uf)
Added Component: Designator=DIN(diode)
Added Component: Designator=LCD(socket dw)
Added Component: Designator=LED IN(led_3mm)
Added Component: Designator=LED M(led_3mm)
Added Component: Designator=LED SENS(led_3mm)
Added Component: Designator=LED SENS(led_3mm)
Added Component: Designator=P1(header female 6x1)
Added Component: Designator=P2(header female 8x1)
Added Component: Designator=P3(header female 8x1)
Added Component: Designator=P4(header female 10x1)
Added Component: Designator=POWER IN(terminal block)
Added Component: Designator=RELAY(socket dw)
Added Component: Designator=RIN(RESISTOR - duplicate)
Added Component: Designator=RON(RESISTOR - duplicate)
Added Component: Designator=RPWR(RESISTOR - duplicate)
Added Component: Designator=RPWR(RESISTOR - duplicate)
Added Component: Designator=SENSOR(socket dw)
Added Component: Designator=SW MCU(terminal block)
Added Component: Designator=SW RELAY(terminal block)
Added Component: Designator=SW SENSOR(terminal block)
Added Pin To Net: NetName=+12V Pin=C1-1
Added Pin To Net: NetName=+12V Pin=DIN-2
Added Pin To Net: NetName=+12V Pin=LED IN-1
Added Pin To Net: NetName=+12V Pin=SW MCU-1
Added Net: Name=+12V
Added Pin To Net: NetName=GND Pin=7805 3-2
Added Pin To Net: NetName=GND Pin=7805 4-2
Added Pin To Net: NetName=GND Pin=7809 1-2
Added Pin To Net: NetName=GND Pin=7809 2-2
Added Pin To Net: NetName=GND Pin=C1-2
Added Pin To Net: NetName=GND Pin=LCD-5
Added Pin To Net: NetName=GND Pin=P3-6
Added Pin To Net: NetName=GND Pin=P3-7
Added Pin To Net: NetName=GND Pin=P4-7
Added Pin To Net: NetName=GND Pin=POWER IN-1
Added Pin To Net: NetName=GND Pin=RELAY-10
Added Pin To Net: NetName=GND Pin=RIN-1
Added Pin To Net: NetName=GND Pin=RON-1
Added Pin To Net: NetName=GND Pin=RPWR-1
Added Pin To Net: NetName=GND Pin=RPWR-1
Added Pin To Net: NetName=GND Pin=SENSOR-9
Added Pin To Net: NetName=GND Pin=SENSOR-10
Added Net: Name=GND
Added Pin To Net: NetName=NetDIN_1 Pin=DIN-1
Added Pin To Net: NetName=NetDIN_1 Pin=POWER IN-2
Added Net: Name=NetDIN_1
Added Pin To Net: NetName=NetLCD_3 Pin=LCD-3
Added Pin To Net: NetName=NetLCD_3 Pin=P4-2
Added Net: Name=NetLCD_3
Added Pin To Net: NetName=NetLCD_4 Pin=LCD-4
Added Pin To Net: NetName=NetLCD_4 Pin=P4-1
Added Net: Name=NetLCD_4
Added Pin To Net: NetName=NetLCD_7 Pin=LCD-7
Added Pin To Net: NetName=NetLCD_7 Pin=P4-6
Added Net: Name=NetLCD_7
Added Pin To Net: NetName=NetLCD_8 Pin=LCD-8
Added Pin To Net: NetName=NetLCD_8 Pin=P4-5
Added Net: Name=NetLCD_8
Added Pin To Net: NetName=NetLCD_9 Pin=LCD-9
Added Pin To Net: NetName=NetLCD_9 Pin=P4-4
Added Net: Name=NetLCD_9
Added Pin To Net: NetName=NetLCD_10 Pin=LCD-10
Added Pin To Net: NetName=NetLCD_10 Pin=P4-3
Added Net: Name=NetLCD_10
Added Pin To Net: NetName=NetLED IN_2 Pin=LED IN-2
Added Pin To Net: NetName=NetLED IN_2 Pin=RIN-2
Added Net: Name=NetLED IN_2
Added Pin To Net: NetName=NetLED M_2 Pin=LED M-2
Added Pin To Net: NetName=NetLED M_2 Pin=RON-2
Added Net: Name=NetLED M_2
Added Pin To Net: NetName=NetLED SENS_2 Pin=LED SENS-2
Added Pin To Net: NetName=NetLED SENS_2 Pin=RPWR-2
Added Net: Name=NetLED SENS_2
Added Pin To Net: NetName=NetP1_1 Pin=P1-1
Added Pin To Net: NetName=NetP1_1 Pin=SENSOR-1
Added Net: Name=NetP1_1
Added Pin To Net: NetName=NetP1_2 Pin=P1-2
Added Pin To Net: NetName=NetP1_2 Pin=SENSOR-2
Added Net: Name=NetP1_2
Added Pin To Net: NetName=NetP1_3 Pin=P1-3
Added Pin To Net: NetName=NetP1_3 Pin=SENSOR-3
Added Net: Name=NetP1_3
Added Pin To Net: NetName=NetP1_4 Pin=P1-4
Added Pin To Net: NetName=NetP1_4 Pin=SENSOR-4
Added Net: Name=NetP1_4
Added Pin To Net: NetName=NetP1_5 Pin=P1-5
Added Pin To Net: NetName=NetP1_5 Pin=SENSOR-5
Added Net: Name=NetP1_5
Added Pin To Net: NetName=NetP1_6 Pin=P1-6
Added Pin To Net: NetName=NetP1_6 Pin=SENSOR-6
Added Net: Name=NetP1_6
Added Pin To Net: NetName=NetP2_1 Pin=P2-1
Added Pin To Net: NetName=NetP2_1 Pin=RELAY-1
Added Net: Name=NetP2_1
Added Pin To Net: NetName=NetP2_2 Pin=P2-2
Added Pin To Net: NetName=NetP2_2 Pin=RELAY-2
Added Net: Name=NetP2_2
Added Pin To Net: NetName=NetP2_3 Pin=P2-3
Added Pin To Net: NetName=NetP2_3 Pin=RELAY-3
Added Net: Name=NetP2_3
Added Pin To Net: NetName=NetP2_4 Pin=P2-4
Added Pin To Net: NetName=NetP2_4 Pin=RELAY-4
Added Net: Name=NetP2_4
Added Pin To Net: NetName=NetP2_5 Pin=P2-5
Added Pin To Net: NetName=NetP2_5 Pin=RELAY-5
Added Net: Name=NetP2_5
Added Pin To Net: NetName=NetP2_6 Pin=P2-6
Added Pin To Net: NetName=NetP2_6 Pin=RELAY-6
Added Net: Name=NetP2_6
Added Pin To Net: NetName=NetP2_7 Pin=P2-7
Added Pin To Net: NetName=NetP2_7 Pin=RELAY-7
Added Net: Name=NetP2_7
Added Pin To Net: NetName=NetP2_8 Pin=P2-8
Added Pin To Net: NetName=NetP2_8 Pin=RELAY-8
Added Net: Name=NetP2_8
Added Pin To Net: NetName=VCC Pin=LCD-6
Added Pin To Net: NetName=VCC Pin=P3-5
Added Net: Name=VCC
Added Pin To Net: NetName=VIN Pin=7809 1-3
Added Pin To Net: NetName=VIN Pin=7809 2-3
Added Pin To Net: NetName=VIN Pin=P3-8
Added Net: Name=VIN
Added Pin To Net: NetName=VM Pin=7805 3-1
Added Pin To Net: NetName=VM Pin=7805 4-1
Added Pin To Net: NetName=VM Pin=7809 1-1
Added Pin To Net: NetName=VM Pin=7809 2-1
Added Pin To Net: NetName=VM Pin=LED M-1
Added Pin To Net: NetName=VM Pin=SW MCU-2
Added Pin To Net: NetName=VM Pin=SW SENSOR-1
Added Net: Name=VM
Added Pin To Net: NetName=VRELAY Pin=LED SENS-1
Added Pin To Net: NetName=VRELAY Pin=RELAY-9
Added Pin To Net: NetName=VRELAY Pin=SW RELAY-2
Added Net: Name=VRELAY
Added Pin To Net: NetName=VR Pin=7805 3-3
Added Pin To Net: NetName=VR Pin=7805 4-3
Added Pin To Net: NetName=VR Pin=SW RELAY-1
Added Net: Name=VR
Added Pin To Net: NetName=VSENSOR Pin=LED SENS-1
Added Pin To Net: NetName=VSENSOR Pin=SENSOR-7
Added Pin To Net: NetName=VSENSOR Pin=SENSOR-8
Added Pin To Net: NetName=VSENSOR Pin=SW SENSOR-2
Added Net: Name=VSENSOR
Added Class: Name=PF
Added Room: Name=PF
