Removed Pin From Net: NetName=GND Pin=METERING1-1
Removed Pin From Net: NetName=VCC Pin=METERING1-2
Removed Pin From Net: NetName=NetD9_2 Pin=METERING1-3
Removed Pin From Net: NetName=NetC1_1 Pin=METERING1-4
Removed Pin From Net: NetName=NetACS712_2 Pin=METERING1-6
Removed Pin From Net: NetName=NetD7_2 Pin=METERING1-7
Removed Pin From Net: NetName=NetD6_2 Pin=METERING1-8
Removed Pin From Net: NetName=NetLS7486_3 Pin=METERING1-9
Removed Pin From Net: NetName=NetLS7486_3 Pin=METERING2-1
Removed Pin From Net: NetName=NetD6_2 Pin=METERING2-2
Removed Pin From Net: NetName=NetD7_2 Pin=METERING2-3
Removed Pin From Net: NetName=NetACS712_2 Pin=METERING2-4
Removed Pin From Net: NetName=NetD1_2 Pin=METERING2-5
Removed Pin From Net: NetName=NetC1_1 Pin=METERING2-6
Removed Pin From Net: NetName=NetD9_2 Pin=METERING2-7
Removed Pin From Net: NetName=VCC Pin=METERING2-8
Removed Pin From Net: NetName=GND Pin=METERING2-9
Change Component DesignItemId : Designator=METERING1 Old DesignItemId=Header 9 New DesignItemId=Header 10
Change Component DesignItemId : Designator=METERING2 Old DesignItemId=Header 9 New DesignItemId=Header 10
Change Component Footprint: Designator=METERING1 Old Footprint=HDR1X9 New Footprint=header female 10x1
Change Component Footprint: Designator=METERING2 Old Footprint=HDR1X9 New Footprint=header female 10x1
Change Component Comment : Designator=METERING1 Old Comment=Header 9 New Comment=Header 10
Change Component Comment : Designator=METERING2 Old Comment=Header 9 New Comment=Header 10
Added Pin To Net: NetName=NetLS7486_3 Pin=METERING1-1
Added Pin To Net: NetName=NetD6_2 Pin=METERING1-2
Added Pin To Net: NetName=NetD7_2 Pin=METERING1-3
Added Pin To Net: NetName=NetACS712_2 Pin=METERING1-4
Added Pin To Net: NetName=NetC1_1 Pin=METERING1-6
Added Pin To Net: NetName=NetD9_2 Pin=METERING1-7
Added Pin To Net: NetName=VCC Pin=METERING1-8
Added Pin To Net: NetName=GND Pin=METERING1-9
Added Pin To Net: NetName=GND Pin=METERING1-10
Added Pin To Net: NetName=GND Pin=METERING2-1
Added Pin To Net: NetName=GND Pin=METERING2-2
Added Pin To Net: NetName=VCC Pin=METERING2-3
Added Pin To Net: NetName=NetD9_2 Pin=METERING2-4
Added Pin To Net: NetName=NetC1_1 Pin=METERING2-5
Added Pin To Net: NetName=NetD1_2 Pin=METERING2-6
Added Pin To Net: NetName=NetACS712_2 Pin=METERING2-7
Added Pin To Net: NetName=NetD7_2 Pin=METERING2-8
Added Pin To Net: NetName=NetD6_2 Pin=METERING2-9
Added Pin To Net: NetName=NetLS7486_3 Pin=METERING2-10
