Added Component: Designator=ACS712(header 3x1)
Added Component: Designator=C1(CAPR5-4X5)
Added Component: Designator=C2(CAPR5-4X5)
Added Component: Designator=C3(CAPR5-4X5)
Added Component: Designator=D1(DO-41)
Added Component: Designator=D2(DO-41)
Added Component: Designator=D3(DO-41)
Added Component: Designator=D4(DO-41)
Added Component: Designator=D5(DO-41)
Added Component: Designator=D5(DO-41)
Added Component: Designator=D6(DO-41)
Added Component: Designator=D7(DO-41)
Added Component: Designator=D7(DO-41)
Added Component: Designator=IN AC12V(terminal block)
Added Component: Designator=LM358(DIP-8)
Added Component: Designator=LS7486(DIP-14)
Added Component: Designator=METERING(HDR1X5)
Added Component: Designator=OUT SENSOR 1(HDR1X5)
Added Component: Designator=R1(RESISTOR - duplicate)
Added Component: Designator=R2(RESISTOR - duplicate)
Added Component: Designator=R3(RESISTOR - duplicate)
Added Component: Designator=R4(RESISTOR - duplicate)
Added Component: Designator=R4(RESISTOR - duplicate)
Added Component: Designator=R5(RESISTOR - duplicate)
Added Component: Designator=R5(RESISTOR - duplicate)
Added Component: Designator=ZMPT(header 3x1)
Added Pin To Net: NetName=GND Pin=ACS712-3
Added Pin To Net: NetName=GND Pin=C1-2
Added Pin To Net: NetName=GND Pin=C2-2
Added Pin To Net: NetName=GND Pin=C3-2
Added Pin To Net: NetName=GND Pin=D1-1
Added Pin To Net: NetName=GND Pin=D3-1
Added Pin To Net: NetName=GND Pin=D5-2
Added Pin To Net: NetName=GND Pin=D5-2
Added Pin To Net: NetName=GND Pin=R1-1
Added Pin To Net: NetName=GND Pin=R2-1
Added Pin To Net: NetName=GND Pin=R3-1
Added Pin To Net: NetName=GND Pin=R4-1
Added Pin To Net: NetName=GND Pin=R4-1
Added Pin To Net: NetName=GND Pin=ZMPT-3
Added Net: Name=GND
Added Pin To Net: NetName=NetACS712_2 Pin=ACS712-2
Added Pin To Net: NetName=NetACS712_2 Pin=C3-1
Added Pin To Net: NetName=NetACS712_2 Pin=D1-2
Added Pin To Net: NetName=NetACS712_2 Pin=D2-1
Added Pin To Net: NetName=NetACS712_2 Pin=LM358-3
Added Pin To Net: NetName=NetACS712_2 Pin=METERING-4
Added Pin To Net: NetName=NetACS712_2 Pin=OUT SENSOR 1-5
Added Net: Name=NetACS712_2
Added Pin To Net: NetName=NetC1_1 Pin=C1-1
Added Pin To Net: NetName=NetC1_1 Pin=C2-1
Added Pin To Net: NetName=NetC1_1 Pin=D2-2
Added Pin To Net: NetName=NetC1_1 Pin=D4-2
Added Pin To Net: NetName=NetC1_1 Pin=METERING-5
Added Pin To Net: NetName=NetC1_1 Pin=OUT SENSOR 1-4
Added Net: Name=NetC1_1
Added Pin To Net: NetName=NetD3_2 Pin=D3-2
Added Pin To Net: NetName=NetD3_2 Pin=D4-1
Added Net: Name=NetD3_2
Added Pin To Net: NetName=NetD5_1 Pin=D5-1
Added Pin To Net: NetName=NetD5_1 Pin=LM358-4
Added Net: Name=NetD5_1
Added Pin To Net: NetName=NetD6_1 Pin=D6-1
Added Pin To Net: NetName=NetD6_1 Pin=LM358-1
Added Net: Name=NetD6_1
Added Pin To Net: NetName=NetD6_2 Pin=D6-2
Added Pin To Net: NetName=NetD6_2 Pin=LS7486-2
Added Pin To Net: NetName=NetD6_2 Pin=METERING-2
Added Pin To Net: NetName=NetD6_2 Pin=OUT SENSOR 1-2
Added Pin To Net: NetName=NetD6_2 Pin=R3-2
Added Net: Name=NetD6_2
Added Pin To Net: NetName=NetD7_1 Pin=D7-1
Added Pin To Net: NetName=NetD7_1 Pin=R5-1
Added Pin To Net: NetName=NetD7_1 Pin=R5-2
Added Net: Name=NetD7_1
Added Pin To Net: NetName=NetD7_2 Pin=D7-2
Added Pin To Net: NetName=NetD7_2 Pin=LS7486-1
Added Pin To Net: NetName=NetD7_2 Pin=METERING-3
Added Pin To Net: NetName=NetD7_2 Pin=OUT SENSOR 1-3
Added Pin To Net: NetName=NetD7_2 Pin=R4-2
Added Net: Name=NetD7_2
Added Pin To Net: NetName=NetIN AC12V_1 Pin=IN AC12V-1
Added Pin To Net: NetName=NetIN AC12V_1 Pin=R5-2
Added Net: Name=NetIN AC12V_1
Added Pin To Net: NetName=NetIN AC12V_2 Pin=IN AC12V-2
Added Pin To Net: NetName=NetIN AC12V_2 Pin=R5-1
Added Net: Name=NetIN AC12V_2
Added Pin To Net: NetName=NetLM358_2 Pin=LM358-2
Added Pin To Net: NetName=NetLM358_2 Pin=R1-2
Added Net: Name=NetLM358_2
Added Pin To Net: NetName=NetLM358_5 Pin=LM358-5
Added Pin To Net: NetName=NetLM358_5 Pin=ZMPT-2
Added Net: Name=NetLM358_5
Added Pin To Net: NetName=NetLM358_6 Pin=LM358-6
Added Pin To Net: NetName=NetLM358_6 Pin=R2-2
Added Net: Name=NetLM358_6
Added Pin To Net: NetName=NetLS7486_3 Pin=LS7486-3
Added Pin To Net: NetName=NetLS7486_3 Pin=METERING-1
Added Pin To Net: NetName=NetLS7486_3 Pin=OUT SENSOR 1-1
Added Pin To Net: NetName=NetLS7486_3 Pin=R4-2
Added Net: Name=NetLS7486_3
Added Pin To Net: NetName=VCC Pin=ACS712-1
Added Pin To Net: NetName=VCC Pin=LM358-8
Added Pin To Net: NetName=VCC Pin=LS7486-14
Added Pin To Net: NetName=VCC Pin=ZMPT-1
Added Net: Name=VCC
Added Class: Name=Sheet2
Added Room: Name=Sheet2
