Removed Pin From Net: NetName=NetD7_1 Pin=D7-1
Removed Pin From Net: NetName=NetLS7486_3 Pin=R4-2
Removed Pin From Net: NetName=NetIN AC12V_2 Pin=R5-1
Change Component Designator: OldDesignator=D5 NewDesignator=D8
Change Component Designator: OldDesignator=R4 NewDesignator=R7
Change Component Designator: OldDesignator=R5 NewDesignator=R6
Added Pin To Net: NetName=NetD7_1 Pin=D7-1
Added Pin To Net: NetName=GND Pin=D8-2
Added Pin To Net: NetName=NetD7_2 Pin=R4-2
Added Pin To Net: NetName=NetD7_1 Pin=R5-1
Added Pin To Net: NetName=NetIN AC12V_2 Pin=R6-1
Added Pin To Net: NetName=NetD7_1 Pin=R6-2
Added Pin To Net: NetName=GND Pin=R7-1
Added Pin To Net: NetName=NetLS7486_3 Pin=R7-2
Added Pin To Net: NetName=NetD8_1 Pin=D8-1
Added Pin To Net: NetName=NetD8_1 Pin=LS7486-7
Added Net: Name=NetD8_1
Added Member To Class: ClassName=Sheet2 Member=Component D8 Diode 1N4004
Added Member To Class: ClassName=Sheet2 Member=Component R6 Res1
Added Member To Class: ClassName=Sheet2 Member=Component R7 Res1
